{"/Users/luizgabriel/Desktop/weather-app/mocks/mockCurrentData.ts": {"path":"/Users/luizgabriel/Desktop/weather-app/mocks/mockCurrentData.ts","statementMap":{"0":{"start":{"line":1,"column":31},"end":{"line":46,"column":1}}},"fnMap":{},"branchMap":{},"s":{"0":1},"f":{},"b":{},"_coverageSchema":"1a1c01bbd47fc00a2c39e90264f33305004495a9","hash":"30d72a45f299986f27a67107564c3fb260401c92"}
,"/Users/luizgabriel/Desktop/weather-app/mocks/mockForecastData.ts": {"path":"/Users/luizgabriel/Desktop/weather-app/mocks/mockForecastData.ts","statementMap":{"0":{"start":{"line":1,"column":32},"end":{"line":50,"column":1}}},"fnMap":{},"branchMap":{},"s":{"0":1},"f":{},"b":{},"_coverageSchema":"1a1c01bbd47fc00a2c39e90264f33305004495a9","hash":"f9918f8c05ee6494bc4e1cf8acaff3f1738489f8"}
,"/Users/luizgabriel/Desktop/weather-app/src/components/index.ts": {"path":"/Users/luizgabriel/Desktop/weather-app/src/components/index.ts","statementMap":{},"fnMap":{},"branchMap":{},"s":{},"f":{},"b":{},"_coverageSchema":"1a1c01bbd47fc00a2c39e90264f33305004495a9","hash":"f217ee3a35c8d66518097751418ee6068898385c"}
,"/Users/luizgabriel/Desktop/weather-app/src/components/InfoForecast/index.tsx": {"path":"/Users/luizgabriel/Desktop/weather-app/src/components/InfoForecast/index.tsx","statementMap":{"0":{"start":{"line":12,"column":4},"end":{"line":21,"column":5}}},"fnMap":{"0":{"name":"InfoForecast","decl":{"start":{"line":11,"column":24},"end":{"line":11,"column":36}},"loc":{"start":{"line":11,"column":58},"end":{"line":22,"column":1}},"line":11}},"branchMap":{},"s":{"0":4},"f":{"0":4},"b":{},"_coverageSchema":"1a1c01bbd47fc00a2c39e90264f33305004495a9","hash":"cd96500b4e4840a87e81b9eba14db426b5d8eec1"}
,"/Users/luizgabriel/Desktop/weather-app/src/components/InfoForecast/styles.ts": {"path":"/Users/luizgabriel/Desktop/weather-app/src/components/InfoForecast/styles.ts","statementMap":{"0":{"start":{"line":3,"column":23},"end":{"line":5,"column":1}},"1":{"start":{"line":7,"column":27},"end":{"line":11,"column":1}},"2":{"start":{"line":8,"column":28},"end":{"line":8,"column":46}},"3":{"start":{"line":13,"column":27},"end":{"line":17,"column":1}},"4":{"start":{"line":14,"column":28},"end":{"line":14,"column":46}},"5":{"start":{"line":19,"column":25},"end":{"line":26,"column":1}}},"fnMap":{"0":{"name":"(anonymous_0)","decl":{"start":{"line":8,"column":13},"end":{"line":8,"column":14}},"loc":{"start":{"line":8,"column":28},"end":{"line":8,"column":46}},"line":8},"1":{"name":"(anonymous_1)","decl":{"start":{"line":14,"column":13},"end":{"line":14,"column":14}},"loc":{"start":{"line":14,"column":28},"end":{"line":14,"column":46}},"line":14}},"branchMap":{},"s":{"0":2,"1":2,"2":4,"3":2,"4":4,"5":2},"f":{"0":4,"1":4},"b":{},"_coverageSchema":"1a1c01bbd47fc00a2c39e90264f33305004495a9","hash":"b8077326c8119c8cced49dcb7a1f5b70376020e6"}
,"/Users/luizgabriel/Desktop/weather-app/src/components/ItemForecastToday/index.tsx": {"path":"/Users/luizgabriel/Desktop/weather-app/src/components/ItemForecastToday/index.tsx","statementMap":{"0":{"start":{"line":11,"column":4},"end":{"line":20,"column":5}}},"fnMap":{"0":{"name":"ItemForecastToday","decl":{"start":{"line":10,"column":24},"end":{"line":10,"column":41}},"loc":{"start":{"line":10,"column":68},"end":{"line":21,"column":1}},"line":10}},"branchMap":{},"s":{"0":7},"f":{"0":7},"b":{},"_coverageSchema":"1a1c01bbd47fc00a2c39e90264f33305004495a9","hash":"09b91ceb2b748d9b00cc029fa43896a972deb407"}
,"/Users/luizgabriel/Desktop/weather-app/src/components/ItemForecastToday/styles.ts": {"path":"/Users/luizgabriel/Desktop/weather-app/src/components/ItemForecastToday/styles.ts","statementMap":{"0":{"start":{"line":3,"column":23},"end":{"line":11,"column":1}},"1":{"start":{"line":10,"column":39},"end":{"line":10,"column":63}},"2":{"start":{"line":13,"column":20},"end":{"line":18,"column":1}},"3":{"start":{"line":14,"column":28},"end":{"line":14,"column":46}},"4":{"start":{"line":20,"column":25},"end":{"line":23,"column":1}}},"fnMap":{"0":{"name":"(anonymous_0)","decl":{"start":{"line":10,"column":24},"end":{"line":10,"column":25}},"loc":{"start":{"line":10,"column":39},"end":{"line":10,"column":63}},"line":10},"1":{"name":"(anonymous_1)","decl":{"start":{"line":14,"column":13},"end":{"line":14,"column":14}},"loc":{"start":{"line":14,"column":28},"end":{"line":14,"column":46}},"line":14}},"branchMap":{},"s":{"0":3,"1":7,"2":3,"3":14,"4":3},"f":{"0":7,"1":14},"b":{},"_coverageSchema":"1a1c01bbd47fc00a2c39e90264f33305004495a9","hash":"9b2cb1e4caa18ca0050214faaaaf45209b5ba48a"}
,"/Users/luizgabriel/Desktop/weather-app/src/components/WrapperDetails/index.tsx": {"path":"/Users/luizgabriel/Desktop/weather-app/src/components/WrapperDetails/index.tsx","statementMap":{"0":{"start":{"line":14,"column":4},"end":{"line":29,"column":5}}},"fnMap":{"0":{"name":"WrapperDetails","decl":{"start":{"line":13,"column":24},"end":{"line":13,"column":38}},"loc":{"start":{"line":13,"column":62},"end":{"line":30,"column":1}},"line":13}},"branchMap":{},"s":{"0":6},"f":{"0":6},"b":{},"_coverageSchema":"1a1c01bbd47fc00a2c39e90264f33305004495a9","hash":"c436664a71061eba501e5fcd42ea6aee20528c19"}
,"/Users/luizgabriel/Desktop/weather-app/src/components/WrapperDetails/styles.ts": {"path":"/Users/luizgabriel/Desktop/weather-app/src/components/WrapperDetails/styles.ts","statementMap":{"0":{"start":{"line":3,"column":23},"end":{"line":11,"column":1}},"1":{"start":{"line":4,"column":39},"end":{"line":4,"column":66}},"2":{"start":{"line":13,"column":21},"end":{"line":17,"column":1}},"3":{"start":{"line":15,"column":28},"end":{"line":15,"column":46}},"4":{"start":{"line":19,"column":27},"end":{"line":23,"column":1}}},"fnMap":{"0":{"name":"(anonymous_0)","decl":{"start":{"line":4,"column":24},"end":{"line":4,"column":25}},"loc":{"start":{"line":4,"column":39},"end":{"line":4,"column":66}},"line":4},"1":{"name":"(anonymous_1)","decl":{"start":{"line":15,"column":13},"end":{"line":15,"column":14}},"loc":{"start":{"line":15,"column":28},"end":{"line":15,"column":46}},"line":15}},"branchMap":{},"s":{"0":2,"1":6,"2":2,"3":18,"4":2},"f":{"0":6,"1":18},"b":{},"_coverageSchema":"1a1c01bbd47fc00a2c39e90264f33305004495a9","hash":"e47c02bce501bd68c7d912860ef2f000cc5804bf"}
,"/Users/luizgabriel/Desktop/weather-app/src/components/WrapperForecastToday/index.tsx": {"path":"/Users/luizgabriel/Desktop/weather-app/src/components/WrapperForecastToday/index.tsx","statementMap":{"0":{"start":{"line":13,"column":16},"end":{"line":13,"column":61}},"1":{"start":{"line":14,"column":18},"end":{"line":14,"column":96}},"2":{"start":{"line":16,"column":4},"end":{"line":38,"column":5}},"3":{"start":{"line":29,"column":20},"end":{"line":34,"column":22}}},"fnMap":{"0":{"name":"WrapperForecastToday","decl":{"start":{"line":12,"column":24},"end":{"line":12,"column":44}},"loc":{"start":{"line":12,"column":95},"end":{"line":39,"column":1}},"line":12},"1":{"name":"(anonymous_1)","decl":{"start":{"line":28,"column":50},"end":{"line":28,"column":51}},"loc":{"start":{"line":29,"column":20},"end":{"line":34,"column":22}},"line":29}},"branchMap":{"0":{"loc":{"start":{"line":33,"column":37},"end":{"line":33,"column":110}},"type":"cond-expr","locations":[{"start":{"line":33,"column":55},"end":{"line":33,"column":81}},{"start":{"line":33,"column":84},"end":{"line":33,"column":110}}],"line":33}},"s":{"0":7,"1":7,"2":7,"3":6},"f":{"0":7,"1":6},"b":{"0":[2,4]},"_coverageSchema":"1a1c01bbd47fc00a2c39e90264f33305004495a9","hash":"de4fef99424abfed50176320581d3bcacd7020c6"}
,"/Users/luizgabriel/Desktop/weather-app/src/components/WrapperForecastToday/styles.ts": {"path":"/Users/luizgabriel/Desktop/weather-app/src/components/WrapperForecastToday/styles.ts","statementMap":{"0":{"start":{"line":3,"column":23},"end":{"line":7,"column":1}},"1":{"start":{"line":4,"column":39},"end":{"line":4,"column":66}},"2":{"start":{"line":9,"column":21},"end":{"line":13,"column":1}},"3":{"start":{"line":10,"column":28},"end":{"line":10,"column":46}},"4":{"start":{"line":15,"column":19},"end":{"line":19,"column":1}},"5":{"start":{"line":16,"column":28},"end":{"line":16,"column":46}},"6":{"start":{"line":21,"column":29},"end":{"line":26,"column":1}}},"fnMap":{"0":{"name":"(anonymous_0)","decl":{"start":{"line":4,"column":24},"end":{"line":4,"column":25}},"loc":{"start":{"line":4,"column":39},"end":{"line":4,"column":66}},"line":4},"1":{"name":"(anonymous_1)","decl":{"start":{"line":10,"column":13},"end":{"line":10,"column":14}},"loc":{"start":{"line":10,"column":28},"end":{"line":10,"column":46}},"line":10},"2":{"name":"(anonymous_2)","decl":{"start":{"line":16,"column":13},"end":{"line":16,"column":14}},"loc":{"start":{"line":16,"column":28},"end":{"line":16,"column":46}},"line":16}},"branchMap":{},"s":{"0":2,"1":7,"2":2,"3":7,"4":2,"5":7,"6":2},"f":{"0":7,"1":7,"2":7},"b":{},"_coverageSchema":"1a1c01bbd47fc00a2c39e90264f33305004495a9","hash":"f8b0397df524ff5dbd263cb655e59e9b9c25cbbd"}
,"/Users/luizgabriel/Desktop/weather-app/src/components/WrapperNextForecast/index.tsx": {"path":"/Users/luizgabriel/Desktop/weather-app/src/components/WrapperNextForecast/index.tsx","statementMap":{"0":{"start":{"line":11,"column":4},"end":{"line":18,"column":5}}},"fnMap":{"0":{"name":"WrapperNextForecast","decl":{"start":{"line":10,"column":24},"end":{"line":10,"column":43}},"loc":{"start":{"line":10,"column":72},"end":{"line":19,"column":1}},"line":10}},"branchMap":{},"s":{"0":3},"f":{"0":3},"b":{},"_coverageSchema":"1a1c01bbd47fc00a2c39e90264f33305004495a9","hash":"a582f005735169f73fa3639ddc277ad661fc69b1"}
,"/Users/luizgabriel/Desktop/weather-app/src/components/WrapperNextForecast/styles.ts": {"path":"/Users/luizgabriel/Desktop/weather-app/src/components/WrapperNextForecast/styles.ts","statementMap":{"0":{"start":{"line":3,"column":23},"end":{"line":8,"column":1}},"1":{"start":{"line":4,"column":39},"end":{"line":4,"column":66}},"2":{"start":{"line":10,"column":21},"end":{"line":14,"column":1}},"3":{"start":{"line":11,"column":28},"end":{"line":11,"column":46}},"4":{"start":{"line":16,"column":29},"end":{"line":21,"column":1}}},"fnMap":{"0":{"name":"(anonymous_0)","decl":{"start":{"line":4,"column":24},"end":{"line":4,"column":25}},"loc":{"start":{"line":4,"column":39},"end":{"line":4,"column":66}},"line":4},"1":{"name":"(anonymous_1)","decl":{"start":{"line":11,"column":13},"end":{"line":11,"column":14}},"loc":{"start":{"line":11,"column":28},"end":{"line":11,"column":46}},"line":11}},"branchMap":{},"s":{"0":2,"1":3,"2":2,"3":3,"4":2},"f":{"0":3,"1":3},"b":{},"_coverageSchema":"1a1c01bbd47fc00a2c39e90264f33305004495a9","hash":"5c823aa7e51afa35db8be20203f081430b3925cc"}
,"/Users/luizgabriel/Desktop/weather-app/src/general/theme.ts": {"path":"/Users/luizgabriel/Desktop/weather-app/src/general/theme.ts","statementMap":{},"fnMap":{},"branchMap":{},"s":{},"f":{},"b":{},"_coverageSchema":"1a1c01bbd47fc00a2c39e90264f33305004495a9","hash":"c7085087e4a1a4cdd1212115db827f7bd32f974d"}
,"/Users/luizgabriel/Desktop/weather-app/src/screens/Home/index.tsx": {"path":"/Users/luizgabriel/Desktop/weather-app/src/screens/Home/index.tsx","statementMap":{"0":{"start":{"line":11,"column":31},"end":{"line":11,"column":50}},"1":{"start":{"line":12,"column":32},"end":{"line":12,"column":52}},"2":{"start":{"line":14,"column":79},"end":{"line":14,"column":107}},"3":{"start":{"line":15,"column":74},"end":{"line":15,"column":103}},"4":{"start":{"line":17,"column":38},"end":{"line":17,"column":53}},"5":{"start":{"line":18,"column":25},"end":{"line":18,"column":76}},"6":{"start":{"line":18,"column":31},"end":{"line":18,"column":76}},"7":{"start":{"line":18,"column":61},"end":{"line":18,"column":75}},"8":{"start":{"line":20,"column":4},"end":{"line":68,"column":5}}},"fnMap":{"0":{"name":"Home","decl":{"start":{"line":10,"column":24},"end":{"line":10,"column":28}},"loc":{"start":{"line":10,"column":31},"end":{"line":69,"column":1}},"line":10},"1":{"name":"(anonymous_1)","decl":{"start":{"line":18,"column":25},"end":{"line":18,"column":26}},"loc":{"start":{"line":18,"column":31},"end":{"line":18,"column":76}},"line":18},"2":{"name":"(anonymous_2)","decl":{"start":{"line":18,"column":44},"end":{"line":18,"column":45}},"loc":{"start":{"line":18,"column":61},"end":{"line":18,"column":75}},"line":18}},"branchMap":{"0":{"loc":{"start":{"line":29,"column":24},"end":{"line":29,"column":47}},"type":"cond-expr","locations":[{"start":{"line":29,"column":36},"end":{"line":29,"column":40}},{"start":{"line":29,"column":43},"end":{"line":29,"column":47}}],"line":29},"1":{"loc":{"start":{"line":32,"column":32},"end":{"line":32,"column":83}},"type":"cond-expr","locations":[{"start":{"line":32,"column":44},"end":{"line":32,"column":71}},{"start":{"line":32,"column":74},"end":{"line":32,"column":83}}],"line":32},"2":{"loc":{"start":{"line":40,"column":17},"end":{"line":55,"column":23}},"type":"cond-expr","locations":[{"start":{"line":41,"column":20},"end":{"line":41,"column":96}},{"start":{"line":43,"column":20},"end":{"line":55,"column":23}}],"line":40},"3":{"loc":{"start":{"line":46,"column":41},"end":{"line":46,"column":114}},"type":"cond-expr","locations":[{"start":{"line":46,"column":53},"end":{"line":46,"column":82}},{"start":{"line":46,"column":85},"end":{"line":46,"column":114}}],"line":46},"4":{"loc":{"start":{"line":48,"column":34},"end":{"line":48,"column":57}},"type":"cond-expr","locations":[{"start":{"line":48,"column":46},"end":{"line":48,"column":50}},{"start":{"line":48,"column":53},"end":{"line":48,"column":57}}],"line":48},"5":{"loc":{"start":{"line":58,"column":17},"end":{"line":64,"column":22}},"type":"cond-expr","locations":[{"start":{"line":59,"column":20},"end":{"line":59,"column":96}},{"start":{"line":61,"column":20},"end":{"line":64,"column":22}}],"line":58}},"s":{"0":4,"1":4,"2":4,"3":4,"4":4,"5":4,"6":1,"7":1,"8":4},"f":{"0":4,"1":1,"2":1},"b":{"0":[1,3],"1":[1,3],"2":[1,3],"3":[1,2],"4":[1,2],"5":[1,3]},"_coverageSchema":"1a1c01bbd47fc00a2c39e90264f33305004495a9","hash":"ca972dd87daf8d5f8b07b7c1f93335c92fa67433"}
,"/Users/luizgabriel/Desktop/weather-app/src/screens/Home/styles.ts": {"path":"/Users/luizgabriel/Desktop/weather-app/src/screens/Home/styles.ts","statementMap":{"0":{"start":{"line":4,"column":23},"end":{"line":11,"column":1}},"1":{"start":{"line":13,"column":21},"end":{"line":17,"column":1}},"2":{"start":{"line":14,"column":28},"end":{"line":14,"column":46}}},"fnMap":{"0":{"name":"(anonymous_0)","decl":{"start":{"line":14,"column":13},"end":{"line":14,"column":14}},"loc":{"start":{"line":14,"column":28},"end":{"line":14,"column":46}},"line":14}},"branchMap":{},"s":{"0":1,"1":1,"2":4},"f":{"0":4},"b":{},"_coverageSchema":"1a1c01bbd47fc00a2c39e90264f33305004495a9","hash":"6b06ae08f211e2bed51ddd0d76a7b861fe8cc9f6"}
,"/Users/luizgabriel/Desktop/weather-app/src/services/api.config.ts": {"path":"/Users/luizgabriel/Desktop/weather-app/src/services/api.config.ts","statementMap":{"0":{"start":{"line":3,"column":18},"end":{"line":6,"column":1}}},"fnMap":{},"branchMap":{},"s":{"0":1},"f":{},"b":{},"_coverageSchema":"1a1c01bbd47fc00a2c39e90264f33305004495a9","hash":"c33ce03d7d0c47584e61cd0b4cd7e1d92286f341"}
,"/Users/luizgabriel/Desktop/weather-app/src/services/api.service.ts": {"path":"/Users/luizgabriel/Desktop/weather-app/src/services/api.service.ts","statementMap":{"0":{"start":{"line":6,"column":8},"end":{"line":11,"column":9}},"1":{"start":{"line":7,"column":29},"end":{"line":7,"column":100}},"2":{"start":{"line":8,"column":12},"end":{"line":8,"column":33}},"3":{"start":{"line":10,"column":12},"end":{"line":10,"column":40}},"4":{"start":{"line":15,"column":8},"end":{"line":20,"column":9}},"5":{"start":{"line":16,"column":29},"end":{"line":16,"column":109}},"6":{"start":{"line":17,"column":12},"end":{"line":17,"column":28}},"7":{"start":{"line":19,"column":12},"end":{"line":19,"column":40}},"8":{"start":{"line":23,"column":4},"end":{"line":23,"column":52}}},"fnMap":{"0":{"name":"WeatherApi","decl":{"start":{"line":4,"column":16},"end":{"line":4,"column":26}},"loc":{"start":{"line":4,"column":28},"end":{"line":24,"column":1}},"line":4},"1":{"name":"getCurrentWeather","decl":{"start":{"line":5,"column":19},"end":{"line":5,"column":36}},"loc":{"start":{"line":5,"column":53},"end":{"line":12,"column":5}},"line":5},"2":{"name":"getForecastWeather","decl":{"start":{"line":14,"column":19},"end":{"line":14,"column":37}},"loc":{"start":{"line":14,"column":54},"end":{"line":21,"column":5}},"line":14}},"branchMap":{},"s":{"0":2,"1":2,"2":1,"3":1,"4":2,"5":2,"6":1,"7":1,"8":4},"f":{"0":4,"1":2,"2":2},"b":{},"_coverageSchema":"1a1c01bbd47fc00a2c39e90264f33305004495a9","hash":"7fe437f8decda085da73c3c61516dd26fe4cb2b5"}
,"/Users/luizgabriel/Desktop/weather-app/src/stores/index.ts": {"path":"/Users/luizgabriel/Desktop/weather-app/src/stores/index.ts","statementMap":{},"fnMap":{},"branchMap":{},"s":{},"f":{},"b":{},"_coverageSchema":"1a1c01bbd47fc00a2c39e90264f33305004495a9","hash":"e664eab76af60e6b7a1f6a31146124ded303fbca"}
,"/Users/luizgabriel/Desktop/weather-app/src/stores/currentWeather/currentWeather.store.ts": {"path":"/Users/luizgabriel/Desktop/weather-app/src/stores/currentWeather/currentWeather.store.ts","statementMap":{"0":{"start":{"line":9,"column":26},"end":{"line":12,"column":3}},"1":{"start":{"line":9,"column":52},"end":{"line":12,"column":1}},"2":{"start":{"line":11,"column":41},"end":{"line":11,"column":64}}},"fnMap":{"0":{"name":"(anonymous_0)","decl":{"start":{"line":9,"column":42},"end":{"line":9,"column":43}},"loc":{"start":{"line":9,"column":52},"end":{"line":12,"column":1}},"line":9},"1":{"name":"(anonymous_1)","decl":{"start":{"line":11,"column":21},"end":{"line":11,"column":22}},"loc":{"start":{"line":11,"column":41},"end":{"line":11,"column":64}},"line":11}},"branchMap":{},"s":{"0":2,"1":2,"2":5},"f":{"0":2,"1":5},"b":{},"_coverageSchema":"1a1c01bbd47fc00a2c39e90264f33305004495a9","hash":"c9b14b06d943995d73ebec6ab32dfce1f533bf78"}
,"/Users/luizgabriel/Desktop/weather-app/src/stores/forecastWeather/forecastWeather.store.ts": {"path":"/Users/luizgabriel/Desktop/weather-app/src/stores/forecastWeather/forecastWeather.store.ts","statementMap":{"0":{"start":{"line":9,"column":27},"end":{"line":12,"column":3}},"1":{"start":{"line":9,"column":53},"end":{"line":12,"column":1}},"2":{"start":{"line":11,"column":43},"end":{"line":11,"column":67}}},"fnMap":{"0":{"name":"(anonymous_0)","decl":{"start":{"line":9,"column":43},"end":{"line":9,"column":44}},"loc":{"start":{"line":9,"column":53},"end":{"line":12,"column":1}},"line":9},"1":{"name":"(anonymous_1)","decl":{"start":{"line":11,"column":22},"end":{"line":11,"column":23}},"loc":{"start":{"line":11,"column":43},"end":{"line":11,"column":67}},"line":11}},"branchMap":{},"s":{"0":2,"1":2,"2":3},"f":{"0":2,"1":3},"b":{},"_coverageSchema":"1a1c01bbd47fc00a2c39e90264f33305004495a9","hash":"1f9409aec1d65fcaaf02406a8c4ea85054ef6b19"}
}
