TN:
SF:mocks/mockCurrentData.ts
FNF:0
FNH:0
DA:1,1
LF:1
LH:1
BRF:0
BRH:0
end_of_record
TN:
SF:mocks/mockForecastData.ts
FNF:0
FNH:0
DA:1,1
LF:1
LH:1
BRF:0
BRH:0
end_of_record
TN:
SF:src/components/InfoForecast/index.tsx
FN:11,InfoForecast
FNF:1
FNH:1
FNDA:1,InfoForecast
DA:12,1
LF:1
LH:1
BRF:0
BRH:0
end_of_record
TN:
SF:src/components/InfoForecast/styles.ts
FN:8,(anonymous_0)
FN:14,(anonymous_1)
FNF:2
FNH:2
FNDA:1,(anonymous_0)
FNDA:1,(anonymous_1)
DA:3,1
DA:7,1
DA:8,1
DA:13,1
DA:14,1
DA:19,1
LF:6
LH:6
BRF:0
BRH:0
end_of_record
TN:
SF:src/components/ItemForecastToday/index.tsx
FN:10,ItemForecastToday
FNF:1
FNH:1
FNDA:1,ItemForecastToday
DA:11,1
LF:1
LH:1
BRF:0
BRH:0
end_of_record
TN:
SF:src/components/ItemForecastToday/styles.ts
FN:10,(anonymous_0)
FN:14,(anonymous_1)
FNF:2
FNH:2
FNDA:1,(anonymous_0)
FNDA:2,(anonymous_1)
DA:3,2
DA:10,1
DA:13,2
DA:14,2
DA:20,2
LF:5
LH:5
BRF:0
BRH:0
end_of_record
TN:
SF:src/components/WrapperDetails/index.tsx
FN:13,WrapperDetails
FNF:1
FNH:1
FNDA:3,WrapperDetails
DA:14,3
LF:1
LH:1
BRF:0
BRH:0
end_of_record
TN:
SF:src/components/WrapperDetails/styles.ts
FN:4,(anonymous_0)
FN:15,(anonymous_1)
FNF:2
FNH:2
FNDA:3,(anonymous_0)
FNDA:9,(anonymous_1)
DA:3,1
DA:4,3
DA:13,1
DA:15,9
DA:19,1
LF:5
LH:5
BRF:0
BRH:0
end_of_record
TN:
SF:src/components/WrapperForecastToday/index.tsx
FN:12,WrapperForecastToday
FN:28,(anonymous_1)
FNF:2
FNH:1
FNDA:6,WrapperForecastToday
FNDA:0,(anonymous_1)
DA:13,6
DA:14,6
DA:16,6
DA:29,0
LF:4
LH:3
BRDA:33,0,0,0
BRDA:33,0,1,0
BRF:2
BRH:0
end_of_record
TN:
SF:src/components/WrapperForecastToday/styles.ts
FN:4,(anonymous_0)
FN:10,(anonymous_1)
FN:16,(anonymous_2)
FNF:3
FNH:0
FNDA:0,(anonymous_0)
FNDA:0,(anonymous_1)
FNDA:0,(anonymous_2)
DA:3,1
DA:4,0
DA:9,1
DA:10,0
DA:15,1
DA:16,0
DA:21,1
LF:7
LH:4
BRF:0
BRH:0
end_of_record
TN:
SF:src/components/WrapperNextForecast/index.tsx
FN:10,WrapperNextForecast
FNF:1
FNH:1
FNDA:3,WrapperNextForecast
DA:11,3
LF:1
LH:1
BRF:0
BRH:0
end_of_record
TN:
SF:src/components/WrapperNextForecast/styles.ts
FN:4,(anonymous_0)
FN:11,(anonymous_1)
FNF:2
FNH:2
FNDA:3,(anonymous_0)
FNDA:3,(anonymous_1)
DA:3,1
DA:4,3
DA:10,1
DA:11,3
DA:16,1
LF:5
LH:5
BRF:0
BRH:0
end_of_record
TN:
SF:src/general/theme.ts
FNF:0
FNH:0
LF:0
LH:0
BRF:0
BRH:0
end_of_record
TN:
SF:src/stores/index.ts
FNF:0
FNH:0
LF:0
LH:0
BRF:0
BRH:0
end_of_record
TN:
SF:src/stores/currentWeather/currentWeather.store.ts
FN:9,(anonymous_0)
FN:11,(anonymous_1)
FNF:2
FNH:2
FNDA:2,(anonymous_0)
FNDA:5,(anonymous_1)
DA:9,2
DA:11,5
LF:2
LH:2
BRF:0
BRH:0
end_of_record
TN:
SF:src/stores/forecastWeather/forecastWeather.store.ts
FN:9,(anonymous_0)
FN:11,(anonymous_1)
FNF:2
FNH:2
FNDA:2,(anonymous_0)
FNDA:3,(anonymous_1)
DA:9,2
DA:11,3
LF:2
LH:2
BRF:0
BRH:0
end_of_record
