TN:
SF:src/components/InfoForecast/index.tsx
FN:11,InfoForecast
FNF:1
FNH:1
FNDA:1,InfoForecast
DA:12,1
LF:1
LH:1
BRF:0
BRH:0
end_of_record
TN:
SF:src/components/InfoForecast/styles.ts
FN:8,(anonymous_0)
FN:14,(anonymous_1)
FNF:2
FNH:2
FNDA:1,(anonymous_0)
FNDA:1,(anonymous_1)
DA:3,1
DA:7,1
DA:8,1
DA:13,1
DA:14,1
DA:19,1
LF:6
LH:6
BRF:0
BRH:0
end_of_record
TN:
SF:src/components/ItemForecastToday/index.tsx
FN:10,ItemForecastToday
FNF:1
FNH:1
FNDA:1,ItemForecastToday
DA:11,1
LF:1
LH:1
BRF:0
BRH:0
end_of_record
TN:
SF:src/components/ItemForecastToday/styles.ts
FN:10,(anonymous_0)
FN:14,(anonymous_1)
FNF:2
FNH:2
FNDA:1,(anonymous_0)
FNDA:2,(anonymous_1)
DA:3,1
DA:10,1
DA:13,1
DA:14,2
DA:20,1
LF:5
LH:5
BRF:0
BRH:0
end_of_record
TN:
SF:src/components/WrapperDetails/index.tsx
FN:13,WrapperDetails
FNF:1
FNH:1
FNDA:3,WrapperDetails
DA:14,3
LF:1
LH:1
BRF:0
BRH:0
end_of_record
TN:
SF:src/components/WrapperDetails/styles.ts
FN:4,(anonymous_0)
FN:15,(anonymous_1)
FNF:2
FNH:2
FNDA:3,(anonymous_0)
FNDA:9,(anonymous_1)
DA:3,1
DA:4,3
DA:13,1
DA:15,9
DA:19,1
LF:5
LH:5
BRF:0
BRH:0
end_of_record
TN:
SF:src/components/WrapperNextForecast/index.tsx
FN:10,WrapperNextForecast
FNF:1
FNH:1
FNDA:3,WrapperNextForecast
DA:11,3
LF:1
LH:1
BRF:0
BRH:0
end_of_record
TN:
SF:src/components/WrapperNextForecast/styles.ts
FN:4,(anonymous_0)
FN:11,(anonymous_1)
FNF:2
FNH:2
FNDA:3,(anonymous_0)
FNDA:3,(anonymous_1)
DA:3,1
DA:4,3
DA:10,1
DA:11,3
DA:16,1
LF:5
LH:5
BRF:0
BRH:0
end_of_record
TN:
SF:src/general/theme.ts
FNF:0
FNH:0
LF:0
LH:0
BRF:0
BRH:0
end_of_record
